c:\work\dev\nx\git\vividnx\vividnx\debug\vividnx.pch
c:\work\dev\nx\git\vividnx\vividnx\debug\vividnx.pdb
c:\work\dev\nx\git\vividnx\vividnx\debug\vividnx.idb
c:\work\dev\nx\git\vividnx\vividnx\debug\stdafx.obj
c:\work\dev\nx\git\vividnx\vividnx\debug\texture2d.obj
c:\work\dev\nx\git\vividnx\vividnx\debug\textload.obj
c:\work\dev\nx\git\vividnx\vividnx\debug\state.obj
c:\work\dev\nx\git\vividnx\vividnx\debug\scenerenderer.obj
c:\work\dev\nx\git\vividnx\vividnx\debug\scenenode.obj
c:\work\dev\nx\git\vividnx\vividnx\debug\scenegraph.obj
c:\work\dev\nx\git\vividnx\vividnx\debug\renderersimple.obj
c:\work\dev\nx\git\vividnx\vividnx\debug\renderermultipass.obj
c:\work\dev\nx\git\vividnx\vividnx\debug\pen.obj
c:\work\dev\nx\git\vividnx\vividnx\debug\nodecam.obj
c:\work\dev\nx\git\vividnx\vividnx\debug\node3d.obj
c:\work\dev\nx\git\vividnx\vividnx\debug\meshdata.obj
c:\work\dev\nx\git\vividnx\vividnx\debug\materialbase.obj
c:\work\dev\nx\git\vividnx\vividnx\debug\matbasic.obj
c:\work\dev\nx\git\vividnx\vividnx\debug\log.obj
c:\work\dev\nx\git\vividnx\vividnx\debug\import.obj
c:\work\dev\nx\git\vividnx\vividnx\debug\global.obj
c:\work\dev\nx\git\vividnx\vividnx\debug\fxmp.obj
c:\work\dev\nx\git\vividnx\vividnx\debug\effect.obj
c:\work\dev\nx\git\vividnx\vividnx\debug\app.obj
c:\work\dev\nx\git\vividnx\vividnx\debug\vertex.obj
c:\work\dev\nx\git\vividnx\vividnx\debug\triangle.obj
c:\work\dev\nx\git\vividnx\vividnx\debug\texturebase.obj
c:\work\dev\nx\git\vividnx\vividnx\debug\vividnx.lib
c:\work\dev\nx\git\vividnx\vividnx\debug\nxexam1.ilk
c:\work\dev\nx\git\vividnx\vividnx\debug\nxexam1.pdb
c:\work\dev\nx\git\vividnx\vividnx\debug\vividnx.tlog\cl.command.1.tlog
c:\work\dev\nx\git\vividnx\vividnx\debug\vividnx.tlog\cl.read.1.tlog
c:\work\dev\nx\git\vividnx\vividnx\debug\vividnx.tlog\cl.write.1.tlog
c:\work\dev\nx\git\vividnx\vividnx\debug\vividnx.tlog\lib-link.read.1.tlog
c:\work\dev\nx\git\vividnx\vividnx\debug\vividnx.tlog\lib-link.write.1.tlog
c:\work\dev\nx\git\vividnx\vividnx\debug\vividnx.tlog\lib.command.1.tlog
